<?xml version="1.0" encoding="UTF-8"?>
<testng-results skipped="2" failed="0" ignored="0" total="17" passed="15">
  <reporter-output>
  </reporter-output>
  <suite name="Page Object test example" duration-ms="350129" started-at="2021-02-04T11:13:43Z" finished-at="2021-02-04T11:19:33Z">
    <groups>
    </groups>
    <test name="test-1" duration-ms="38780" started-at="2021-02-04T11:13:43Z" finished-at="2021-02-04T11:14:22Z">
      <class name="com.orangeHRM.test.OrangeHRM_Login">
        <test-method status="PASS" signature="SetUp()[pri:0, instance:com.orangeHRM.test.OrangeHRM_Login@57fffcd7]" name="SetUp" is-config="true" duration-ms="199" started-at="2021-02-04T16:43:43Z" finished-at="2021-02-04T16:43:43Z">
          <reporter-output>
          </reporter-output>
        </test-method> <!-- SetUp -->
        <test-method status="PASS" signature="initializeTestBaseSetup(java.lang.String, java.lang.String)[pri:0, instance:com.orangeHRM.test.OrangeHRM_Login@57fffcd7]" name="initializeTestBaseSetup" is-config="true" duration-ms="10739" started-at="2021-02-04T16:43:43Z" finished-at="2021-02-04T16:43:54Z">
          <params>
            <param index="0">
              <value>
                <![CDATA[chrome]]>
              </value>
            </param>
            <param index="1">
              <value>
                <![CDATA[https://opensource-demo.orangehrmlive.com/index.php/auth/login]]>
              </value>
            </param>
          </params>
          <reporter-output>
          </reporter-output>
        </test-method> <!-- initializeTestBaseSetup -->
        <test-method status="PASS" signature="setUp()[pri:0, instance:com.orangeHRM.test.OrangeHRM_Login@57fffcd7]" name="setUp" is-config="true" duration-ms="23" started-at="2021-02-04T16:43:54Z" finished-at="2021-02-04T16:43:54Z">
          <reporter-output>
          </reporter-output>
        </test-method> <!-- setUp -->
        <test-method status="PASS" signature="logoTest()[pri:1, instance:com.orangeHRM.test.OrangeHRM_Login@57fffcd7]" name="logoTest" duration-ms="4950" started-at="2021-02-04T16:43:54Z" description="validateLogo() method call for logo verification" finished-at="2021-02-04T16:43:59Z">
          <reporter-output>
          </reporter-output>
        </test-method> <!-- logoTest -->
        <test-method status="PASS" signature="tearDown(org.testng.ITestResult)[pri:0, instance:com.orangeHRM.test.OrangeHRM_Login@57fffcd7]" name="tearDown" is-config="true" duration-ms="9" started-at="2021-02-04T16:43:59Z" finished-at="2021-02-04T16:43:59Z">
          <params>
            <param index="0">
              <value>
                <![CDATA[[TestResult name=logoTest status=SUCCESS method=OrangeHRM_Login.logoTest()[pri:1, instance:com.orangeHRM.test.OrangeHRM_Login@57fffcd7] output={null}]]]>
              </value>
            </param>
          </params>
          <reporter-output>
          </reporter-output>
        </test-method> <!-- tearDown -->
        <test-method status="PASS" signature="urlTest(java.lang.String, java.lang.String)[pri:2, instance:com.orangeHRM.test.OrangeHRM_Login@57fffcd7]" name="urlTest" duration-ms="11807" started-at="2021-02-04T16:43:59Z" description="verifySignInPageURL() method call for URL verification" data-provider="Login" finished-at="2021-02-04T16:44:11Z">
          <params>
            <param index="0">
              <value>
                <![CDATA[Admin]]>
              </value>
            </param>
            <param index="1">
              <value>
                <![CDATA[admin123]]>
              </value>
            </param>
          </params>
          <reporter-output>
          </reporter-output>
        </test-method> <!-- urlTest -->
        <test-method status="PASS" signature="tearDown(org.testng.ITestResult)[pri:0, instance:com.orangeHRM.test.OrangeHRM_Login@57fffcd7]" name="tearDown" is-config="true" duration-ms="0" started-at="2021-02-04T16:44:11Z" finished-at="2021-02-04T16:44:11Z">
          <params>
            <param index="0">
              <value>
                <![CDATA[[TestResult name=urlTest status=SUCCESS method=OrangeHRM_Login.urlTest(java.lang.String, java.lang.String)[pri:2, instance:com.orangeHRM.test.OrangeHRM_Login@57fffcd7] output={null}]]]>
              </value>
            </param>
          </params>
          <reporter-output>
          </reporter-output>
        </test-method> <!-- tearDown -->
        <test-method status="PASS" signature="textTest(java.lang.String, java.lang.String)[pri:3, instance:com.orangeHRM.test.OrangeHRM_Login@57fffcd7]" name="textTest" duration-ms="8957" started-at="2021-02-04T16:44:11Z" description="verifySignInPageText() method call for Tab verification" data-provider="Login" finished-at="2021-02-04T16:44:20Z">
          <params>
            <param index="0">
              <value>
                <![CDATA[Admin]]>
              </value>
            </param>
            <param index="1">
              <value>
                <![CDATA[admin123]]>
              </value>
            </param>
          </params>
          <reporter-output>
          </reporter-output>
        </test-method> <!-- textTest -->
        <test-method status="PASS" signature="tearDown(org.testng.ITestResult)[pri:0, instance:com.orangeHRM.test.OrangeHRM_Login@57fffcd7]" name="tearDown" is-config="true" duration-ms="0" started-at="2021-02-04T16:44:20Z" finished-at="2021-02-04T16:44:20Z">
          <params>
            <param index="0">
              <value>
                <![CDATA[[TestResult name=textTest status=SUCCESS method=OrangeHRM_Login.textTest(java.lang.String, java.lang.String)[pri:3, instance:com.orangeHRM.test.OrangeHRM_Login@57fffcd7] output={null}]]]>
              </value>
            </param>
          </params>
          <reporter-output>
          </reporter-output>
        </test-method> <!-- tearDown -->
        <test-method status="PASS" signature="tearDown()[pri:0, instance:com.orangeHRM.test.OrangeHRM_Login@57fffcd7]" name="tearDown" is-config="true" duration-ms="2064" started-at="2021-02-04T16:44:20Z" finished-at="2021-02-04T16:44:22Z">
          <reporter-output>
          </reporter-output>
        </test-method> <!-- tearDown -->
      </class> <!-- com.orangeHRM.test.OrangeHRM_Login -->
    </test> <!-- test-1 -->
    <test name="test-2" duration-ms="121252" started-at="2021-02-04T11:14:22Z" finished-at="2021-02-04T11:16:23Z">
      <class name="com.orangeHRM.test.OrangeHRM_Navigate">
        <test-method status="PASS" signature="SetUp()[pri:0, instance:com.orangeHRM.test.OrangeHRM_Navigate@72d818d1]" name="SetUp" is-config="true" duration-ms="3" started-at="2021-02-04T16:44:22Z" finished-at="2021-02-04T16:44:22Z">
          <reporter-output>
          </reporter-output>
        </test-method> <!-- SetUp -->
        <test-method status="PASS" signature="initializeTestBaseSetup(java.lang.String, java.lang.String)[pri:0, instance:com.orangeHRM.test.OrangeHRM_Navigate@72d818d1]" name="initializeTestBaseSetup" is-config="true" duration-ms="8889" started-at="2021-02-04T16:44:22Z" finished-at="2021-02-04T16:44:31Z">
          <params>
            <param index="0">
              <value>
                <![CDATA[chrome]]>
              </value>
            </param>
            <param index="1">
              <value>
                <![CDATA[https://opensource-demo.orangehrmlive.com/index.php/auth/login]]>
              </value>
            </param>
          </params>
          <reporter-output>
          </reporter-output>
        </test-method> <!-- initializeTestBaseSetup -->
        <test-method status="PASS" signature="setUp()[pri:0, instance:com.orangeHRM.test.OrangeHRM_Navigate@72d818d1]" name="setUp" is-config="true" duration-ms="9" started-at="2021-02-04T16:44:31Z" finished-at="2021-02-04T16:44:31Z">
          <reporter-output>
          </reporter-output>
        </test-method> <!-- setUp -->
        <test-method status="PASS" signature="navigateToHomePage(java.lang.String, java.lang.String)[pri:4, instance:com.orangeHRM.test.OrangeHRM_Navigate@72d818d1]" name="navigateToHomePage" duration-ms="105129" started-at="2021-02-04T16:44:31Z" data-provider="Login" finished-at="2021-02-04T16:46:16Z">
          <params>
            <param index="0">
              <value>
                <![CDATA[Admin]]>
              </value>
            </param>
            <param index="1">
              <value>
                <![CDATA[admin123]]>
              </value>
            </param>
          </params>
          <reporter-output>
          </reporter-output>
        </test-method> <!-- navigateToHomePage -->
        <test-method status="PASS" signature="LogOut()[pri:0, instance:com.orangeHRM.test.OrangeHRM_Navigate@72d818d1]" name="LogOut" is-config="true" duration-ms="5329" started-at="2021-02-04T16:46:16Z" finished-at="2021-02-04T16:46:21Z">
          <reporter-output>
          </reporter-output>
        </test-method> <!-- LogOut -->
        <test-method status="PASS" signature="tearDown(org.testng.ITestResult)[pri:0, instance:com.orangeHRM.test.OrangeHRM_Navigate@72d818d1]" name="tearDown" is-config="true" duration-ms="0" started-at="2021-02-04T16:46:16Z" finished-at="2021-02-04T16:46:16Z">
          <params>
            <param index="0">
              <value>
                <![CDATA[[TestResult name=navigateToHomePage status=SUCCESS method=OrangeHRM_Navigate.navigateToHomePage(java.lang.String, java.lang.String)[pri:4, instance:com.orangeHRM.test.OrangeHRM_Navigate@72d818d1] output={null}]]]>
              </value>
            </param>
          </params>
          <reporter-output>
          </reporter-output>
        </test-method> <!-- tearDown -->
        <test-method status="PASS" signature="tearDown()[pri:0, instance:com.orangeHRM.test.OrangeHRM_Navigate@72d818d1]" name="tearDown" is-config="true" duration-ms="1890" started-at="2021-02-04T16:46:21Z" finished-at="2021-02-04T16:46:23Z">
          <reporter-output>
          </reporter-output>
        </test-method> <!-- tearDown -->
      </class> <!-- com.orangeHRM.test.OrangeHRM_Navigate -->
    </test> <!-- test-2 -->
    <test name="test-3" duration-ms="78177" started-at="2021-02-04T11:16:23Z" finished-at="2021-02-04T11:17:41Z">
      <class name="com.orangeHRM.test.OrangeHRM_AddUser">
        <test-method status="PASS" signature="SetUp()[pri:0, instance:com.orangeHRM.test.OrangeHRM_AddUser@1ed4004b]" name="SetUp" is-config="true" duration-ms="2" started-at="2021-02-04T16:46:23Z" finished-at="2021-02-04T16:46:23Z">
          <reporter-output>
          </reporter-output>
        </test-method> <!-- SetUp -->
        <test-method status="PASS" signature="initializeTestBaseSetup(java.lang.String, java.lang.String)[pri:0, instance:com.orangeHRM.test.OrangeHRM_AddUser@1ed4004b]" name="initializeTestBaseSetup" is-config="true" duration-ms="8939" started-at="2021-02-04T16:46:23Z" finished-at="2021-02-04T16:46:32Z">
          <params>
            <param index="0">
              <value>
                <![CDATA[chrome]]>
              </value>
            </param>
            <param index="1">
              <value>
                <![CDATA[https://opensource-demo.orangehrmlive.com/index.php/auth/login]]>
              </value>
            </param>
          </params>
          <reporter-output>
          </reporter-output>
        </test-method> <!-- initializeTestBaseSetup -->
        <test-method status="PASS" signature="setUp()[pri:0, instance:com.orangeHRM.test.OrangeHRM_AddUser@1ed4004b]" name="setUp" is-config="true" duration-ms="4" started-at="2021-02-04T16:46:32Z" finished-at="2021-02-04T16:46:32Z">
          <reporter-output>
          </reporter-output>
        </test-method> <!-- setUp -->
        <test-method status="PASS" signature="urlTest(java.lang.String, java.lang.String)[pri:5, instance:com.orangeHRM.test.OrangeHRM_AddUser@1ed4004b]" name="urlTest" duration-ms="7874" started-at="2021-02-04T16:46:32Z" data-provider="Login" finished-at="2021-02-04T16:46:40Z">
          <params>
            <param index="0">
              <value>
                <![CDATA[Admin]]>
              </value>
            </param>
            <param index="1">
              <value>
                <![CDATA[admin123]]>
              </value>
            </param>
          </params>
          <reporter-output>
          </reporter-output>
        </test-method> <!-- urlTest -->
        <test-method status="PASS" signature="addUser(java.lang.String, java.lang.String, java.lang.String, java.lang.String, java.lang.String, java.lang.String)[pri:6, instance:com.orangeHRM.test.OrangeHRM_AddUser@1ed4004b]" name="addUser" duration-ms="18549" started-at="2021-02-04T16:46:40Z" data-provider="addUsers" finished-at="2021-02-04T16:46:59Z">
          <params>
            <param index="0">
              <value>
                <![CDATA[Admin]]>
              </value>
            </param>
            <param index="1">
              <value>
                <![CDATA[Gavin Randall]]>
              </value>
            </param>
            <param index="2">
              <value>
                <![CDATA[grandal]]>
              </value>
            </param>
            <param index="3">
              <value>
                <![CDATA[Enabled]]>
              </value>
            </param>
            <param index="4">
              <value>
                <![CDATA[grandal@123]]>
              </value>
            </param>
            <param index="5">
              <value>
                <![CDATA[grandal@123]]>
              </value>
            </param>
          </params>
          <reporter-output>
          </reporter-output>
        </test-method> <!-- addUser -->
        <test-method status="PASS" signature="tearDown(org.testng.ITestResult)[pri:0, instance:com.orangeHRM.test.OrangeHRM_AddUser@1ed4004b]" name="tearDown" is-config="true" duration-ms="0" started-at="2021-02-04T16:46:40Z" finished-at="2021-02-04T16:46:40Z">
          <params>
            <param index="0">
              <value>
                <![CDATA[[TestResult name=urlTest status=SUCCESS method=OrangeHRM_AddUser.urlTest(java.lang.String, java.lang.String)[pri:5, instance:com.orangeHRM.test.OrangeHRM_AddUser@1ed4004b] output={null}]]]>
              </value>
            </param>
          </params>
          <reporter-output>
          </reporter-output>
        </test-method> <!-- tearDown -->
        <test-method status="PASS" signature="tearDown(org.testng.ITestResult)[pri:0, instance:com.orangeHRM.test.OrangeHRM_AddUser@1ed4004b]" name="tearDown" is-config="true" duration-ms="1" started-at="2021-02-04T16:46:59Z" finished-at="2021-02-04T16:46:59Z">
          <params>
            <param index="0">
              <value>
                <![CDATA[[TestResult name=addUser status=SUCCESS method=OrangeHRM_AddUser.addUser(java.lang.String, java.lang.String, java.lang.String, java.lang.String, java.lang.String, java.lang.String)[pri:6, instance:com.orangeHRM.test.OrangeHRM_AddUser@1ed4004b] output={null}]]]>
              </value>
            </param>
          </params>
          <reporter-output>
          </reporter-output>
        </test-method> <!-- tearDown -->
        <test-method status="PASS" signature="addUser(java.lang.String, java.lang.String, java.lang.String, java.lang.String, java.lang.String, java.lang.String)[pri:6, instance:com.orangeHRM.test.OrangeHRM_AddUser@1ed4004b]" name="addUser" duration-ms="17873" started-at="2021-02-04T16:46:59Z" data-provider="addUsers" finished-at="2021-02-04T16:47:16Z">
          <params>
            <param index="0">
              <value>
                <![CDATA[ESS]]>
              </value>
            </param>
            <param index="1">
              <value>
                <![CDATA[Fiona Clarkson]]>
              </value>
            </param>
            <param index="2">
              <value>
                <![CDATA[fclarson]]>
              </value>
            </param>
            <param index="3">
              <value>
                <![CDATA[Disabled]]>
              </value>
            </param>
            <param index="4">
              <value>
                <![CDATA[userAdd@1]]>
              </value>
            </param>
            <param index="5">
              <value>
                <![CDATA[userAdd@1]]>
              </value>
            </param>
          </params>
          <reporter-output>
          </reporter-output>
        </test-method> <!-- addUser -->
        <test-method status="PASS" signature="addUser(java.lang.String, java.lang.String, java.lang.String, java.lang.String, java.lang.String, java.lang.String)[pri:6, instance:com.orangeHRM.test.OrangeHRM_AddUser@1ed4004b]" name="addUser" duration-ms="17785" started-at="2021-02-04T16:47:16Z" data-provider="addUsers" finished-at="2021-02-04T16:47:34Z">
          <params>
            <param index="0">
              <value>
                <![CDATA[ESS]]>
              </value>
            </param>
            <param index="1">
              <value>
                <![CDATA[Tracey Hudson]]>
              </value>
            </param>
            <param index="2">
              <value>
                <![CDATA[thuds123]]>
              </value>
            </param>
            <param index="3">
              <value>
                <![CDATA[Enabled]]>
              </value>
            </param>
            <param index="4">
              <value>
                <![CDATA[thuds@@@123]]>
              </value>
            </param>
            <param index="5">
              <value>
                <![CDATA[thuds@@@123]]>
              </value>
            </param>
          </params>
          <reporter-output>
          </reporter-output>
        </test-method> <!-- addUser -->
        <test-method status="PASS" signature="tearDown(org.testng.ITestResult)[pri:0, instance:com.orangeHRM.test.OrangeHRM_AddUser@1ed4004b]" name="tearDown" is-config="true" duration-ms="0" started-at="2021-02-04T16:47:16Z" finished-at="2021-02-04T16:47:16Z">
          <params>
            <param index="0">
              <value>
                <![CDATA[[TestResult name=addUser status=SUCCESS method=OrangeHRM_AddUser.addUser(java.lang.String, java.lang.String, java.lang.String, java.lang.String, java.lang.String, java.lang.String)[pri:6, instance:com.orangeHRM.test.OrangeHRM_AddUser@1ed4004b] output={null}]]]>
              </value>
            </param>
          </params>
          <reporter-output>
          </reporter-output>
        </test-method> <!-- tearDown -->
        <test-method status="PASS" signature="tearDown(org.testng.ITestResult)[pri:0, instance:com.orangeHRM.test.OrangeHRM_AddUser@1ed4004b]" name="tearDown" is-config="true" duration-ms="1" started-at="2021-02-04T16:47:34Z" finished-at="2021-02-04T16:47:34Z">
          <params>
            <param index="0">
              <value>
                <![CDATA[[TestResult name=addUser status=SUCCESS method=OrangeHRM_AddUser.addUser(java.lang.String, java.lang.String, java.lang.String, java.lang.String, java.lang.String, java.lang.String)[pri:6, instance:com.orangeHRM.test.OrangeHRM_AddUser@1ed4004b] output={null}]]]>
              </value>
            </param>
          </params>
          <reporter-output>
          </reporter-output>
        </test-method> <!-- tearDown -->
        <test-method status="PASS" signature="LogOut()[pri:0, instance:com.orangeHRM.test.OrangeHRM_AddUser@1ed4004b]" name="LogOut" is-config="true" duration-ms="5280" started-at="2021-02-04T16:47:34Z" finished-at="2021-02-04T16:47:40Z">
          <reporter-output>
          </reporter-output>
        </test-method> <!-- LogOut -->
        <test-method status="PASS" signature="tearDown()[pri:0, instance:com.orangeHRM.test.OrangeHRM_AddUser@1ed4004b]" name="tearDown" is-config="true" duration-ms="1859" started-at="2021-02-04T16:47:40Z" finished-at="2021-02-04T16:47:41Z">
          <reporter-output>
          </reporter-output>
        </test-method> <!-- tearDown -->
      </class> <!-- com.orangeHRM.test.OrangeHRM_AddUser -->
    </test> <!-- test-3 -->
    <test name="test-4" duration-ms="111871" started-at="2021-02-04T11:17:41Z" finished-at="2021-02-04T11:19:33Z">
      <class name="com.orangeHRM.test.OrangeHRM_AddEmployee">
        <test-method status="PASS" signature="SetUp()[pri:0, instance:com.orangeHRM.test.OrangeHRM_AddEmployee@64bfbc86]" name="SetUp" is-config="true" duration-ms="2" started-at="2021-02-04T16:47:41Z" finished-at="2021-02-04T16:47:41Z">
          <reporter-output>
          </reporter-output>
        </test-method> <!-- SetUp -->
        <test-method status="PASS" signature="initializeTestBaseSetup(java.lang.String, java.lang.String)[pri:0, instance:com.orangeHRM.test.OrangeHRM_AddEmployee@64bfbc86]" name="initializeTestBaseSetup" is-config="true" duration-ms="9062" started-at="2021-02-04T16:47:41Z" finished-at="2021-02-04T16:47:51Z">
          <params>
            <param index="0">
              <value>
                <![CDATA[chrome]]>
              </value>
            </param>
            <param index="1">
              <value>
                <![CDATA[https://opensource-demo.orangehrmlive.com/index.php/auth/login]]>
              </value>
            </param>
          </params>
          <reporter-output>
          </reporter-output>
        </test-method> <!-- initializeTestBaseSetup -->
        <test-method status="PASS" signature="setUp()[pri:0, instance:com.orangeHRM.test.OrangeHRM_AddEmployee@64bfbc86]" name="setUp" is-config="true" duration-ms="4" started-at="2021-02-04T16:47:51Z" finished-at="2021-02-04T16:47:51Z">
          <reporter-output>
          </reporter-output>
        </test-method> <!-- setUp -->
        <test-method status="PASS" signature="urlTest(java.lang.String, java.lang.String)[pri:7, instance:com.orangeHRM.test.OrangeHRM_AddEmployee@64bfbc86]" name="urlTest" duration-ms="7699" started-at="2021-02-04T16:47:51Z" data-provider="Login" finished-at="2021-02-04T16:47:58Z">
          <params>
            <param index="0">
              <value>
                <![CDATA[Admin]]>
              </value>
            </param>
            <param index="1">
              <value>
                <![CDATA[admin123]]>
              </value>
            </param>
          </params>
          <reporter-output>
          </reporter-output>
        </test-method> <!-- urlTest -->
        <test-method status="PASS" signature="tearDown(org.testng.ITestResult)[pri:0, instance:com.orangeHRM.test.OrangeHRM_AddEmployee@64bfbc86]" name="tearDown" is-config="true" duration-ms="1" started-at="2021-02-04T16:47:58Z" finished-at="2021-02-04T16:47:58Z">
          <params>
            <param index="0">
              <value>
                <![CDATA[[TestResult name=urlTest status=SUCCESS method=OrangeHRM_AddEmployee.urlTest(java.lang.String, java.lang.String)[pri:7, instance:com.orangeHRM.test.OrangeHRM_AddEmployee@64bfbc86] output={null}]]]>
              </value>
            </param>
          </params>
          <reporter-output>
          </reporter-output>
        </test-method> <!-- tearDown -->
        <test-method status="PASS" signature="addEmployeesExel(java.lang.String, java.lang.String, java.lang.String, java.lang.String)[pri:8, instance:com.orangeHRM.test.OrangeHRM_AddEmployee@64bfbc86]" name="addEmployeesExel" duration-ms="17926" started-at="2021-02-04T16:47:58Z" data-provider="addEmployeeExel" finished-at="2021-02-04T16:48:16Z">
          <params>
            <param index="0">
              <value>
                <![CDATA[Brian]]>
              </value>
            </param>
            <param index="1">
              <value>
                <![CDATA[Bond]]>
              </value>
            </param>
            <param index="2">
              <value>
                <![CDATA[bbond007]]>
              </value>
            </param>
            <param index="3">
              <value>
                <![CDATA[bbond@123]]>
              </value>
            </param>
          </params>
          <reporter-output>
          </reporter-output>
        </test-method> <!-- addEmployeesExel -->
        <test-method status="PASS" signature="tearDown(org.testng.ITestResult)[pri:0, instance:com.orangeHRM.test.OrangeHRM_AddEmployee@64bfbc86]" name="tearDown" is-config="true" duration-ms="1" started-at="2021-02-04T16:48:16Z" finished-at="2021-02-04T16:48:16Z">
          <params>
            <param index="0">
              <value>
                <![CDATA[[TestResult name=addEmployeesExel status=SUCCESS method=OrangeHRM_AddEmployee.addEmployeesExel(java.lang.String, java.lang.String, java.lang.String, java.lang.String)[pri:8, instance:com.orangeHRM.test.OrangeHRM_AddEmployee@64bfbc86] output={null}]]]>
              </value>
            </param>
          </params>
          <reporter-output>
          </reporter-output>
        </test-method> <!-- tearDown -->
        <test-method status="PASS" signature="addEmployeesExel(java.lang.String, java.lang.String, java.lang.String, java.lang.String)[pri:8, instance:com.orangeHRM.test.OrangeHRM_AddEmployee@64bfbc86]" name="addEmployeesExel" duration-ms="16688" started-at="2021-02-04T16:48:16Z" data-provider="addEmployeeExel" finished-at="2021-02-04T16:48:33Z">
          <params>
            <param index="0">
              <value>
                <![CDATA[Amanda]]>
              </value>
            </param>
            <param index="1">
              <value>
                <![CDATA[Welch]]>
              </value>
            </param>
            <param index="2">
              <value>
                <![CDATA[amWelch]]>
              </value>
            </param>
            <param index="3">
              <value>
                <![CDATA[amWelch@123]]>
              </value>
            </param>
          </params>
          <reporter-output>
          </reporter-output>
        </test-method> <!-- addEmployeesExel -->
        <test-method status="PASS" signature="tearDown(org.testng.ITestResult)[pri:0, instance:com.orangeHRM.test.OrangeHRM_AddEmployee@64bfbc86]" name="tearDown" is-config="true" duration-ms="0" started-at="2021-02-04T16:48:33Z" finished-at="2021-02-04T16:48:33Z">
          <params>
            <param index="0">
              <value>
                <![CDATA[[TestResult name=addEmployeesExel status=SUCCESS method=OrangeHRM_AddEmployee.addEmployeesExel(java.lang.String, java.lang.String, java.lang.String, java.lang.String)[pri:8, instance:com.orangeHRM.test.OrangeHRM_AddEmployee@64bfbc86] output={null}]]]>
              </value>
            </param>
          </params>
          <reporter-output>
          </reporter-output>
        </test-method> <!-- tearDown -->
        <test-method status="PASS" signature="addEmployeesExel(java.lang.String, java.lang.String, java.lang.String, java.lang.String)[pri:8, instance:com.orangeHRM.test.OrangeHRM_AddEmployee@64bfbc86]" name="addEmployeesExel" duration-ms="17194" started-at="2021-02-04T16:48:33Z" data-provider="addEmployeeExel" finished-at="2021-02-04T16:48:50Z">
          <params>
            <param index="0">
              <value>
                <![CDATA[Ian]]>
              </value>
            </param>
            <param index="1">
              <value>
                <![CDATA[Ogden]]>
              </value>
            </param>
            <param index="2">
              <value>
                <![CDATA[ianOg12]]>
              </value>
            </param>
            <param index="3">
              <value>
                <![CDATA[ianOg12@@@123]]>
              </value>
            </param>
          </params>
          <reporter-output>
          </reporter-output>
        </test-method> <!-- addEmployeesExel -->
        <test-method status="PASS" signature="tearDown(org.testng.ITestResult)[pri:0, instance:com.orangeHRM.test.OrangeHRM_AddEmployee@64bfbc86]" name="tearDown" is-config="true" duration-ms="1" started-at="2021-02-04T16:48:50Z" finished-at="2021-02-04T16:48:50Z">
          <params>
            <param index="0">
              <value>
                <![CDATA[[TestResult name=addEmployeesExel status=SUCCESS method=OrangeHRM_AddEmployee.addEmployeesExel(java.lang.String, java.lang.String, java.lang.String, java.lang.String)[pri:8, instance:com.orangeHRM.test.OrangeHRM_AddEmployee@64bfbc86] output={null}]]]>
              </value>
            </param>
          </params>
          <reporter-output>
          </reporter-output>
        </test-method> <!-- tearDown -->
        <test-method status="PASS" signature="deleteEmployeesExel(java.lang.String, java.lang.String, java.lang.String, java.lang.String)[pri:9, instance:com.orangeHRM.test.OrangeHRM_AddEmployee@64bfbc86]" name="deleteEmployeesExel" duration-ms="11551" started-at="2021-02-04T16:48:50Z" data-provider="addEmployeeExel" finished-at="2021-02-04T16:49:02Z">
          <params>
            <param index="0">
              <value>
                <![CDATA[Brian]]>
              </value>
            </param>
            <param index="1">
              <value>
                <![CDATA[Bond]]>
              </value>
            </param>
            <param index="2">
              <value>
                <![CDATA[bbond007]]>
              </value>
            </param>
            <param index="3">
              <value>
                <![CDATA[bbond@123]]>
              </value>
            </param>
          </params>
          <reporter-output>
          </reporter-output>
        </test-method> <!-- deleteEmployeesExel -->
        <test-method status="PASS" signature="tearDown(org.testng.ITestResult)[pri:0, instance:com.orangeHRM.test.OrangeHRM_AddEmployee@64bfbc86]" name="tearDown" is-config="true" duration-ms="1" started-at="2021-02-04T16:49:02Z" finished-at="2021-02-04T16:49:02Z">
          <params>
            <param index="0">
              <value>
                <![CDATA[[TestResult name=deleteEmployeesExel status=SUCCESS method=OrangeHRM_AddEmployee.deleteEmployeesExel(java.lang.String, java.lang.String, java.lang.String, java.lang.String)[pri:9, instance:com.orangeHRM.test.OrangeHRM_AddEmployee@64bfbc86] output={null}]]]>
              </value>
            </param>
          </params>
          <reporter-output>
          </reporter-output>
        </test-method> <!-- tearDown -->
        <test-method status="PASS" signature="deleteEmployeesExel(java.lang.String, java.lang.String, java.lang.String, java.lang.String)[pri:9, instance:com.orangeHRM.test.OrangeHRM_AddEmployee@64bfbc86]" name="deleteEmployeesExel" duration-ms="11961" started-at="2021-02-04T16:49:02Z" data-provider="addEmployeeExel" finished-at="2021-02-04T16:49:14Z">
          <params>
            <param index="0">
              <value>
                <![CDATA[Amanda]]>
              </value>
            </param>
            <param index="1">
              <value>
                <![CDATA[Welch]]>
              </value>
            </param>
            <param index="2">
              <value>
                <![CDATA[amWelch]]>
              </value>
            </param>
            <param index="3">
              <value>
                <![CDATA[amWelch@123]]>
              </value>
            </param>
          </params>
          <reporter-output>
          </reporter-output>
        </test-method> <!-- deleteEmployeesExel -->
        <test-method status="PASS" signature="tearDown(org.testng.ITestResult)[pri:0, instance:com.orangeHRM.test.OrangeHRM_AddEmployee@64bfbc86]" name="tearDown" is-config="true" duration-ms="0" started-at="2021-02-04T16:49:14Z" finished-at="2021-02-04T16:49:14Z">
          <params>
            <param index="0">
              <value>
                <![CDATA[[TestResult name=deleteEmployeesExel status=SUCCESS method=OrangeHRM_AddEmployee.deleteEmployeesExel(java.lang.String, java.lang.String, java.lang.String, java.lang.String)[pri:9, instance:com.orangeHRM.test.OrangeHRM_AddEmployee@64bfbc86] output={null}]]]>
              </value>
            </param>
          </params>
          <reporter-output>
          </reporter-output>
        </test-method> <!-- tearDown -->
        <test-method status="PASS" signature="deleteEmployeesExel(java.lang.String, java.lang.String, java.lang.String, java.lang.String)[pri:9, instance:com.orangeHRM.test.OrangeHRM_AddEmployee@64bfbc86]" name="deleteEmployeesExel" duration-ms="12011" started-at="2021-02-04T16:49:14Z" data-provider="addEmployeeExel" finished-at="2021-02-04T16:49:26Z">
          <params>
            <param index="0">
              <value>
                <![CDATA[Ian]]>
              </value>
            </param>
            <param index="1">
              <value>
                <![CDATA[Ogden]]>
              </value>
            </param>
            <param index="2">
              <value>
                <![CDATA[ianOg12]]>
              </value>
            </param>
            <param index="3">
              <value>
                <![CDATA[ianOg12@@@123]]>
              </value>
            </param>
          </params>
          <reporter-output>
          </reporter-output>
        </test-method> <!-- deleteEmployeesExel -->
        <test-method status="PASS" signature="tearDown(org.testng.ITestResult)[pri:0, instance:com.orangeHRM.test.OrangeHRM_AddEmployee@64bfbc86]" name="tearDown" is-config="true" duration-ms="0" started-at="2021-02-04T16:49:26Z" finished-at="2021-02-04T16:49:26Z">
          <params>
            <param index="0">
              <value>
                <![CDATA[[TestResult name=deleteEmployeesExel status=SUCCESS method=OrangeHRM_AddEmployee.deleteEmployeesExel(java.lang.String, java.lang.String, java.lang.String, java.lang.String)[pri:9, instance:com.orangeHRM.test.OrangeHRM_AddEmployee@64bfbc86] output={null}]]]>
              </value>
            </param>
          </params>
          <reporter-output>
          </reporter-output>
        </test-method> <!-- tearDown -->
        <test-method status="SKIP" signature="addEmployeesDataBase(java.lang.String, java.lang.String, java.lang.String, java.lang.String)[pri:10, instance:com.orangeHRM.test.OrangeHRM_AddEmployee@64bfbc86]" name="addEmployeesDataBase" duration-ms="0" started-at="2021-02-04T16:49:26Z" data-provider="addEmployeeDataBase" finished-at="2021-02-04T16:49:26Z">
          <exception class="java.lang.RuntimeException">
            <message>
              <![CDATA[java.sql.SQLSyntaxErrorException: Unknown database 'employeedb']]>
            </message>
            <full-stacktrace>
              <![CDATA[java.lang.RuntimeException: java.sql.SQLSyntaxErrorException: Unknown database 'employeedb'
	at org.testng.internal.MethodInvocationHelper.invokeMethodNoCheckedException(MethodInvocationHelper.java:49)
	at org.testng.internal.MethodInvocationHelper.invokeDataProvider(MethodInvocationHelper.java:111)
	at org.testng.internal.Parameters.handleParameters(Parameters.java:509)
	at org.testng.internal.Invoker.handleParameters(Invoker.java:1293)
	at org.testng.internal.Invoker.createParameters(Invoker.java:1020)
	at org.testng.internal.Invoker.invokeTestMethods(Invoker.java:1110)
	at org.testng.internal.TestMethodWorker.invokeTestMethods(TestMethodWorker.java:129)
	at org.testng.internal.TestMethodWorker.run(TestMethodWorker.java:112)
	at org.testng.TestRunner.privateRun(TestRunner.java:756)
	at org.testng.TestRunner.run(TestRunner.java:610)
	at org.testng.SuiteRunner.runTest(SuiteRunner.java:387)
	at org.testng.SuiteRunner.runSequentially(SuiteRunner.java:382)
	at org.testng.SuiteRunner.privateRun(SuiteRunner.java:340)
	at org.testng.SuiteRunner.run(SuiteRunner.java:289)
	at org.testng.SuiteRunnerWorker.runSuite(SuiteRunnerWorker.java:52)
	at org.testng.SuiteRunnerWorker.run(SuiteRunnerWorker.java:86)
	at org.testng.TestNG.runSuitesSequentially(TestNG.java:1293)
	at org.testng.TestNG.runSuitesLocally(TestNG.java:1218)
	at org.testng.TestNG.runSuites(TestNG.java:1133)
	at org.testng.TestNG.run(TestNG.java:1104)
	at org.testng.remote.AbstractRemoteTestNG.run(AbstractRemoteTestNG.java:132)
	at org.testng.remote.RemoteTestNG.initAndRun(RemoteTestNG.java:236)
	at org.testng.remote.RemoteTestNG.main(RemoteTestNG.java:81)
Caused by: java.sql.SQLSyntaxErrorException: Unknown database 'employeedb'
	at com.mysql.cj.jdbc.exceptions.SQLError.createSQLException(SQLError.java:120)
	at com.mysql.cj.jdbc.exceptions.SQLError.createSQLException(SQLError.java:97)
	at com.mysql.cj.jdbc.exceptions.SQLExceptionsMapping.translateException(SQLExceptionsMapping.java:122)
	at com.mysql.cj.jdbc.ConnectionImpl.createNewIO(ConnectionImpl.java:836)
	at com.mysql.cj.jdbc.ConnectionImpl.<init>(ConnectionImpl.java:456)
	at com.mysql.cj.jdbc.ConnectionImpl.getInstance(ConnectionImpl.java:246)
	at com.mysql.cj.jdbc.NonRegisteringDriver.connect(NonRegisteringDriver.java:198)
	at java.sql.DriverManager.getConnection(DriverManager.java:664)
	at java.sql.DriverManager.getConnection(DriverManager.java:247)
	at com.orangeHRM.utils.OrangeHRM_DataBase.ConnectToDB(OrangeHRM_DataBase.java:25)
	at com.orangeHRM.utils.OrangeHRM_DataBase.getDatafromDB(OrangeHRM_DataBase.java:35)
	at com.orangeHRM.utils.OrangeHRM_TestData.dataForEmployeeFromDataBase(OrangeHRM_TestData.java:39)
	at sun.reflect.NativeMethodAccessorImpl.invoke0(Native Method)
	at sun.reflect.NativeMethodAccessorImpl.invoke(NativeMethodAccessorImpl.java:62)
	at sun.reflect.DelegatingMethodAccessorImpl.invoke(DelegatingMethodAccessorImpl.java:43)
	at java.lang.reflect.Method.invoke(Method.java:498)
	at org.testng.internal.MethodInvocationHelper.invokeMethod(MethodInvocationHelper.java:104)
	at org.testng.internal.MethodInvocationHelper.invokeMethod(MethodInvocationHelper.java:55)
	at org.testng.internal.MethodInvocationHelper.invokeMethodNoCheckedException(MethodInvocationHelper.java:45)
	... 22 more
]]>
            </full-stacktrace>
          </exception> <!-- java.lang.RuntimeException -->
          <reporter-output>
          </reporter-output>
        </test-method> <!-- addEmployeesDataBase -->
        <test-method status="SKIP" signature="deleteEmployeesDataBase(java.lang.String, java.lang.String, java.lang.String, java.lang.String)[pri:11, instance:com.orangeHRM.test.OrangeHRM_AddEmployee@64bfbc86]" name="deleteEmployeesDataBase" duration-ms="0" started-at="2021-02-04T16:49:26Z" data-provider="addEmployeeDataBase" finished-at="2021-02-04T16:49:26Z">
          <exception class="java.lang.RuntimeException">
            <message>
              <![CDATA[java.sql.SQLSyntaxErrorException: Unknown database 'employeedb']]>
            </message>
            <full-stacktrace>
              <![CDATA[java.lang.RuntimeException: java.sql.SQLSyntaxErrorException: Unknown database 'employeedb'
	at org.testng.internal.MethodInvocationHelper.invokeMethodNoCheckedException(MethodInvocationHelper.java:49)
	at org.testng.internal.MethodInvocationHelper.invokeDataProvider(MethodInvocationHelper.java:111)
	at org.testng.internal.Parameters.handleParameters(Parameters.java:509)
	at org.testng.internal.Invoker.handleParameters(Invoker.java:1293)
	at org.testng.internal.Invoker.createParameters(Invoker.java:1020)
	at org.testng.internal.Invoker.invokeTestMethods(Invoker.java:1110)
	at org.testng.internal.TestMethodWorker.invokeTestMethods(TestMethodWorker.java:129)
	at org.testng.internal.TestMethodWorker.run(TestMethodWorker.java:112)
	at org.testng.TestRunner.privateRun(TestRunner.java:756)
	at org.testng.TestRunner.run(TestRunner.java:610)
	at org.testng.SuiteRunner.runTest(SuiteRunner.java:387)
	at org.testng.SuiteRunner.runSequentially(SuiteRunner.java:382)
	at org.testng.SuiteRunner.privateRun(SuiteRunner.java:340)
	at org.testng.SuiteRunner.run(SuiteRunner.java:289)
	at org.testng.SuiteRunnerWorker.runSuite(SuiteRunnerWorker.java:52)
	at org.testng.SuiteRunnerWorker.run(SuiteRunnerWorker.java:86)
	at org.testng.TestNG.runSuitesSequentially(TestNG.java:1293)
	at org.testng.TestNG.runSuitesLocally(TestNG.java:1218)
	at org.testng.TestNG.runSuites(TestNG.java:1133)
	at org.testng.TestNG.run(TestNG.java:1104)
	at org.testng.remote.AbstractRemoteTestNG.run(AbstractRemoteTestNG.java:132)
	at org.testng.remote.RemoteTestNG.initAndRun(RemoteTestNG.java:236)
	at org.testng.remote.RemoteTestNG.main(RemoteTestNG.java:81)
Caused by: java.sql.SQLSyntaxErrorException: Unknown database 'employeedb'
	at com.mysql.cj.jdbc.exceptions.SQLError.createSQLException(SQLError.java:120)
	at com.mysql.cj.jdbc.exceptions.SQLError.createSQLException(SQLError.java:97)
	at com.mysql.cj.jdbc.exceptions.SQLExceptionsMapping.translateException(SQLExceptionsMapping.java:122)
	at com.mysql.cj.jdbc.ConnectionImpl.createNewIO(ConnectionImpl.java:836)
	at com.mysql.cj.jdbc.ConnectionImpl.<init>(ConnectionImpl.java:456)
	at com.mysql.cj.jdbc.ConnectionImpl.getInstance(ConnectionImpl.java:246)
	at com.mysql.cj.jdbc.NonRegisteringDriver.connect(NonRegisteringDriver.java:198)
	at java.sql.DriverManager.getConnection(DriverManager.java:664)
	at java.sql.DriverManager.getConnection(DriverManager.java:247)
	at com.orangeHRM.utils.OrangeHRM_DataBase.ConnectToDB(OrangeHRM_DataBase.java:25)
	at com.orangeHRM.utils.OrangeHRM_DataBase.getDatafromDB(OrangeHRM_DataBase.java:35)
	at com.orangeHRM.utils.OrangeHRM_TestData.dataForEmployeeFromDataBase(OrangeHRM_TestData.java:39)
	at sun.reflect.NativeMethodAccessorImpl.invoke0(Native Method)
	at sun.reflect.NativeMethodAccessorImpl.invoke(NativeMethodAccessorImpl.java:62)
	at sun.reflect.DelegatingMethodAccessorImpl.invoke(DelegatingMethodAccessorImpl.java:43)
	at java.lang.reflect.Method.invoke(Method.java:498)
	at org.testng.internal.MethodInvocationHelper.invokeMethod(MethodInvocationHelper.java:104)
	at org.testng.internal.MethodInvocationHelper.invokeMethod(MethodInvocationHelper.java:55)
	at org.testng.internal.MethodInvocationHelper.invokeMethodNoCheckedException(MethodInvocationHelper.java:45)
	... 22 more
]]>
            </full-stacktrace>
          </exception> <!-- java.lang.RuntimeException -->
          <reporter-output>
          </reporter-output>
        </test-method> <!-- deleteEmployeesDataBase -->
        <test-method status="PASS" signature="LogOut()[pri:0, instance:com.orangeHRM.test.OrangeHRM_AddEmployee@64bfbc86]" name="LogOut" is-config="true" duration-ms="5374" started-at="2021-02-04T16:49:26Z" finished-at="2021-02-04T16:49:31Z">
          <reporter-output>
          </reporter-output>
        </test-method> <!-- LogOut -->
        <test-method status="PASS" signature="tearDown()[pri:0, instance:com.orangeHRM.test.OrangeHRM_AddEmployee@64bfbc86]" name="tearDown" is-config="true" duration-ms="1855" started-at="2021-02-04T16:49:31Z" finished-at="2021-02-04T16:49:33Z">
          <reporter-output>
          </reporter-output>
        </test-method> <!-- tearDown -->
      </class> <!-- com.orangeHRM.test.OrangeHRM_AddEmployee -->
    </test> <!-- test-4 -->
  </suite> <!-- Page Object test example -->
</testng-results>
